<?xml version="1.0" encoding="UTF-8"?>
<!-- Generated by org.testng.reporters.JUnitXMLReporter -->
<testsuite ignored="0" hostname="LAPTOP-J01TQCUN" failures="3" tests="8" name="Test" time="105.715" errors="0" timestamp="25 Jul 2021 08:37:30 GMT">
  <testcase classname="com.iNetBanking.testCases.TC_LoginPage_001" name="LoginTest" time="2.504"/>
  <testcase classname="com.iNetBanking.testCases.TC_LoginPageDDT_002" name="LoginDDT" time="13.077">
    <failure type="java.lang.AssertionError" message="expected [true] but found [false]">
      <![CDATA[java.lang.AssertionError: expected [true] but found [false]
at com.iNetBanking.testCases.TC_LoginPageDDT_002.LoginDDT(TC_LoginPageDDT_002.java:30)
... Removed 29 stack frames]]>
    </failure>
  </testcase> <!-- LoginDDT -->
  <testcase classname="com.iNetBanking.testCases.TC_LoginPageDDT_002" name="LoginDDT" time="16.237"/>
  <testcase classname="com.iNetBanking.testCases.TC_LoginPageDDT_002" name="LoginDDT" time="8.231">
    <failure type="java.lang.AssertionError" message="expected [true] but found [false]">
      <![CDATA[java.lang.AssertionError: expected [true] but found [false]
at com.iNetBanking.testCases.TC_LoginPageDDT_002.LoginDDT(TC_LoginPageDDT_002.java:30)
... Removed 29 stack frames]]>
    </failure>
  </testcase> <!-- LoginDDT -->
  <testcase classname="com.iNetBanking.testCases.TC_LoginPageDDT_002" name="LoginDDT" time="15.213"/>
  <testcase classname="com.iNetBanking.testCases.TC_LoginPageDDT_002" name="LoginDDT" time="6.561">
    <failure type="java.lang.AssertionError" message="expected [true] but found [false]">
      <![CDATA[java.lang.AssertionError: expected [true] but found [false]
at com.iNetBanking.testCases.TC_LoginPageDDT_002.LoginDDT(TC_LoginPageDDT_002.java:30)
... Removed 29 stack frames]]>
    </failure>
  </testcase> <!-- LoginDDT -->
  <testcase classname="com.iNetBanking.testCases.TC_LoginPageDDT_002" name="LoginDDT" time="10.884"/>
  <testcase classname="com.iNetBanking.testCases.TC_AddCustomerDetails_002" name="AddCutomerDetails" time="7.593"/>
</testsuite> <!-- Test -->
