<?xml version="1.0" encoding="UTF-8"?>
<!-- Generated by org.testng.reporters.JUnitXMLReporter -->
<testsuite ignored="0" hostname="LAPTOP-J01TQCUN" failures="1" tests="1" name="Test(failed)" time="5.683" errors="0" timestamp="24 Jul 2021 12:49:51 GMT">
  <testcase classname="com.iNetBanking.testCases.TC_LoginPage_001" name="LoginTest" time="0.12">
    <failure type="java.lang.NullPointerException" message="Cannot invoke &amp;quot;org.apache.log4j.Logger.info(Object)&amp;quot; because &amp;quot;com.iNetBanking.testCases.TC_LoginPage_001.logger&amp;quot; is null">
      <![CDATA[java.lang.NullPointerException: Cannot invoke "org.apache.log4j.Logger.info(Object)" because "com.iNetBanking.testCases.TC_LoginPage_001.logger" is null
at com.iNetBanking.testCases.TC_LoginPage_001.LoginTest(TC_LoginPage_001.java:19)
... Removed 25 stack frames]]>
    </failure>
  </testcase> <!-- LoginTest -->
</testsuite> <!-- Test(failed) -->
