<?xml version="1.0" encoding="UTF-8"?>
<!-- Generated by org.testng.reporters.JUnitXMLReporter -->
<testsuite hostname="LAPTOP-J01TQCUN" ignored="0" name="Test" tests="8" failures="0" timestamp="27 Jul 2021 07:32:36 GMT" time="89.037" errors="0">
  <testcase name="LoginTest" time="1.676" classname="com.iNetBanking.testCases.TC_LoginPage_001"/>
  <testcase name="LoginDDT" time="6.289" classname="com.iNetBanking.testCases.TC_LoginPageDDT_002"/>
  <testcase name="LoginDDT" time="13.504" classname="com.iNetBanking.testCases.TC_LoginPageDDT_002"/>
  <testcase name="LoginDDT" time="5.934" classname="com.iNetBanking.testCases.TC_LoginPageDDT_002"/>
  <testcase name="LoginDDT" time="12.009" classname="com.iNetBanking.testCases.TC_LoginPageDDT_002"/>
  <testcase name="LoginDDT" time="9.038" classname="com.iNetBanking.testCases.TC_LoginPageDDT_002"/>
  <testcase name="LoginDDT" time="12.532" classname="com.iNetBanking.testCases.TC_LoginPageDDT_002"/>
  <testcase name="AddCutomerDetails" time="6.985" classname="com.iNetBanking.testCases.TC_AddCustomerDetails_002"/>
</testsuite> <!-- Test -->
