<?xml version="1.0" encoding="UTF-8"?>
<!-- Generated by org.testng.reporters.JUnitXMLReporter -->
<testsuite hostname="LAPTOP-J01TQCUN" ignored="0" name="Test" tests="8" failures="0" timestamp="28 Jul 2021 08:42:37 GMT" time="95.119" errors="0">
  <testcase name="LoginTest" time="2.013" classname="com.iNetBanking.testCases.TC_LoginPage_001"/>
  <testcase name="LoginDDT" time="8.335" classname="com.iNetBanking.testCases.TC_LoginPageDDT_002"/>
  <testcase name="LoginDDT" time="13.237" classname="com.iNetBanking.testCases.TC_LoginPageDDT_002"/>
  <testcase name="LoginDDT" time="6.31" classname="com.iNetBanking.testCases.TC_LoginPageDDT_002"/>
  <testcase name="LoginDDT" time="11.78" classname="com.iNetBanking.testCases.TC_LoginPageDDT_002"/>
  <testcase name="LoginDDT" time="8.143" classname="com.iNetBanking.testCases.TC_LoginPageDDT_002"/>
  <testcase name="LoginDDT" time="11.574" classname="com.iNetBanking.testCases.TC_LoginPageDDT_002"/>
  <testcase name="AddCutomerDetails" time="7.459" classname="com.iNetBanking.testCases.TC_AddCustomerDetails_002"/>
</testsuite> <!-- Test -->
