<?xml version="1.0" encoding="UTF-8"?>
<testsuite name="TestSuite" time="10.465" tests="8" errors="0" skipped="0" failures="2">
  <properties>
[...]
</properties>
  <testcase name="LoginTest" classname="com.iNetBanking.testCases.TC_LoginPage_001" time="1.06">
    <failure message="unexpected alert open: {Alert text : User is not valid}&#10;  (Session info: chrome=92.0.4515.131): User is not valid&#10;Build info: version: &apos;3.141.59&apos;, revision: &apos;e82be7d358&apos;, time: &apos;2018-11-14T08:17:03&apos;&#10;System info: host: &apos;LAPTOP-J01TQCUN&apos;, ip: &apos;192.168.74.186&apos;, os.name: &apos;Windows 10&apos;, os.arch: &apos;amd64&apos;, os.version: &apos;10.0&apos;, java.version: &apos;1.8.0_301&apos;&#10;Driver info: org.openqa.selenium.chrome.ChromeDriver&#10;Capabilities {acceptInsecureCerts: false, browserName: chrome, browserVersion: 92.0.4515.131, chrome: {chromedriverVersion: 92.0.4515.43 (8c61b7e2989f2..., userDataDir: C:\windows\TEMP\scoped_dir1...}, goog:chromeOptions: {debuggerAddress: localhost:56739}, javascriptEnabled: true, networkConnectionEnabled: false, pageLoadStrategy: normal, platform: WINDOWS, platformName: WINDOWS, proxy: Proxy(), setWindowRect: true, strictFileInteractability: false, timeouts: {implicit: 0, pageLoad: 300000, script: 30000}, unhandledPromptBehavior: dismiss and notify, webauthn:extension:credBlob: true, webauthn:extension:largeBlob: true, webauthn:virtualAuthenticators: true}&#10;Session ID: f8eec1bd41eda6ec18c22141a8066673" type="org.openqa.selenium.UnhandledAlertException">org.openqa.selenium.UnhandledAlertException: unexpected alert open: {Alert text : User is not valid}
  (Session info: chrome=92.0.4515.131): User is not valid
Build info: version: '3.141.59', revision: 'e82be7d358', time: '2018-11-14T08:17:03'
System info: host: 'LAPTOP-J01TQCUN', ip: '192.168.74.186', os.name: 'Windows 10', os.arch: 'amd64', os.version: '10.0', java.version: '1.8.0_301'
Driver info: org.openqa.selenium.chrome.ChromeDriver
Capabilities {acceptInsecureCerts: false, browserName: chrome, browserVersion: 92.0.4515.131, chrome: {chromedriverVersion: 92.0.4515.43 (8c61b7e2989f2..., userDataDir: C:\windows\TEMP\scoped_dir1...}, goog:chromeOptions: {debuggerAddress: localhost:56739}, javascriptEnabled: true, networkConnectionEnabled: false, pageLoadStrategy: normal, platform: WINDOWS, platformName: WINDOWS, proxy: Proxy(), setWindowRect: true, strictFileInteractability: false, timeouts: {implicit: 0, pageLoad: 300000, script: 30000}, unhandledPromptBehavior: dismiss and notify, webauthn:extension:credBlob: true, webauthn:extension:largeBlob: true, webauthn:virtualAuthenticators: true}
Session ID: f8eec1bd41eda6ec18c22141a8066673
	at org.openqa.selenium.remote.http.W3CHttpResponseCodec.decode(W3CHttpResponseCodec.java:120)
	at org.openqa.selenium.remote.http.W3CHttpResponseCodec.decode(W3CHttpResponseCodec.java:49)
	at org.openqa.selenium.remote.HttpCommandExecutor.execute(HttpCommandExecutor.java:158)
	at org.openqa.selenium.remote.service.DriverCommandExecutor.execute(DriverCommandExecutor.java:83)
	at org.openqa.selenium.remote.RemoteWebDriver.execute(RemoteWebDriver.java:552)
	at org.openqa.selenium.remote.RemoteWebDriver.execute(RemoteWebDriver.java:609)
	at org.openqa.selenium.remote.RemoteWebDriver.getTitle(RemoteWebDriver.java:281)
	at com.iNetBanking.testCases.TC_LoginPage_001.LoginTest(TC_LoginPage_001.java:30)
</failure>
    <system-out><![CDATA[2021-08-12 23:08:470 INFO  BaseClass :48 - Chrome Browser Launching....
2021-08-12 23:08:597 INFO  BaseClass :60 - Maximizing Browser....
2021-08-12 23:08:852 INFO  BaseClass :64 - Entered Application site URL......
2021-08-12 23:08:233 INFO  BaseClass :21 - Username Entered....
2021-08-12 23:08:314 INFO  BaseClass :23 - Password Entered....
2021-08-12 23:08:837 INFO  BaseClass :25 - Submit Button Clicked....
]]></system-out>
    <system-err><![CDATA[Starting ChromeDriver 92.0.4515.43 (8c61b7e2989f2990d42f859cac71319137787cce-refs/branch-heads/4515@{#306}) on port 24927
Only local connections are allowed.
Please see https://chromedriver.chromium.org/security-considerations for suggestions on keeping ChromeDriver safe.
ChromeDriver was started successfully.
Aug 12, 2021 11:48:55 PM org.openqa.selenium.remote.ProtocolHandshake createSession
INFO: Detected dialect: W3C
]]></system-err>
  </testcase>
  <testcase name="LoginDDT" classname="com.iNetBanking.testCases.TC_LoginPageDDT_002" time="5.592"/>
  <testcase name="LoginDDT" classname="com.iNetBanking.testCases.TC_LoginPageDDT_002" time="6.32"/>
  <testcase name="LoginDDT" classname="com.iNetBanking.testCases.TC_LoginPageDDT_002" time="5.444"/>
  <testcase name="LoginDDT" classname="com.iNetBanking.testCases.TC_LoginPageDDT_002" time="5.41"/>
  <testcase name="LoginDDT" classname="com.iNetBanking.testCases.TC_LoginPageDDT_002" time="5.138"/>
  <testcase name="LoginDDT" classname="com.iNetBanking.testCases.TC_LoginPageDDT_002" time="5.508"/>
  <testcase name="AddCutomerDetails" classname="com.iNetBanking.testCases.TC_AddCustomerDetails_002" time="3.813">
    <failure message="unexpected alert open: {Alert text : User is not valid}&#10;  (Session info: chrome=92.0.4515.131): User is not valid&#10;Build info: version: &apos;3.141.59&apos;, revision: &apos;e82be7d358&apos;, time: &apos;2018-11-14T08:17:03&apos;&#10;System info: host: &apos;LAPTOP-J01TQCUN&apos;, ip: &apos;192.168.74.186&apos;, os.name: &apos;Windows 10&apos;, os.arch: &apos;amd64&apos;, os.version: &apos;10.0&apos;, java.version: &apos;1.8.0_301&apos;&#10;Driver info: org.openqa.selenium.chrome.ChromeDriver&#10;Capabilities {acceptInsecureCerts: false, browserName: chrome, browserVersion: 92.0.4515.131, chrome: {chromedriverVersion: 92.0.4515.43 (8c61b7e2989f2..., userDataDir: C:\windows\TEMP\scoped_dir5...}, goog:chromeOptions: {debuggerAddress: localhost:59117}, javascriptEnabled: true, networkConnectionEnabled: false, pageLoadStrategy: normal, platform: WINDOWS, platformName: WINDOWS, proxy: Proxy(), setWindowRect: true, strictFileInteractability: false, timeouts: {implicit: 0, pageLoad: 300000, script: 30000}, unhandledPromptBehavior: dismiss and notify, webauthn:extension:credBlob: true, webauthn:extension:largeBlob: true, webauthn:virtualAuthenticators: true}&#10;Session ID: 1ab91a1ecf606e8a6f076fb941d0cd65&#10;*** Element info: {Using=xpath, value=//*[text()=&apos;New Customer&apos;]}" type="org.openqa.selenium.UnhandledAlertException">org.openqa.selenium.UnhandledAlertException: unexpected alert open: {Alert text : User is not valid}
  (Session info: chrome=92.0.4515.131): User is not valid
Build info: version: '3.141.59', revision: 'e82be7d358', time: '2018-11-14T08:17:03'
System info: host: 'LAPTOP-J01TQCUN', ip: '192.168.74.186', os.name: 'Windows 10', os.arch: 'amd64', os.version: '10.0', java.version: '1.8.0_301'
Driver info: org.openqa.selenium.chrome.ChromeDriver
Capabilities {acceptInsecureCerts: false, browserName: chrome, browserVersion: 92.0.4515.131, chrome: {chromedriverVersion: 92.0.4515.43 (8c61b7e2989f2..., userDataDir: C:\windows\TEMP\scoped_dir5...}, goog:chromeOptions: {debuggerAddress: localhost:59117}, javascriptEnabled: true, networkConnectionEnabled: false, pageLoadStrategy: normal, platform: WINDOWS, platformName: WINDOWS, proxy: Proxy(), setWindowRect: true, strictFileInteractability: false, timeouts: {implicit: 0, pageLoad: 300000, script: 30000}, unhandledPromptBehavior: dismiss and notify, webauthn:extension:credBlob: true, webauthn:extension:largeBlob: true, webauthn:virtualAuthenticators: true}
Session ID: 1ab91a1ecf606e8a6f076fb941d0cd65
*** Element info: {Using=xpath, value=//*[text()='New Customer']}
	at org.openqa.selenium.remote.http.W3CHttpResponseCodec.decode(W3CHttpResponseCodec.java:120)
	at org.openqa.selenium.remote.http.W3CHttpResponseCodec.decode(W3CHttpResponseCodec.java:49)
	at org.openqa.selenium.remote.HttpCommandExecutor.execute(HttpCommandExecutor.java:158)
	at org.openqa.selenium.remote.service.DriverCommandExecutor.execute(DriverCommandExecutor.java:83)
	at org.openqa.selenium.remote.RemoteWebDriver.execute(RemoteWebDriver.java:552)
	at org.openqa.selenium.remote.RemoteWebDriver.findElement(RemoteWebDriver.java:323)
	at org.openqa.selenium.remote.RemoteWebDriver.findElementByXPath(RemoteWebDriver.java:428)
	at org.openqa.selenium.By$ByXPath.findElement(By.java:353)
	at org.openqa.selenium.remote.RemoteWebDriver.findElement(RemoteWebDriver.java:315)
	at org.openqa.selenium.support.pagefactory.DefaultElementLocator.findElement(DefaultElementLocator.java:69)
	at org.openqa.selenium.support.pagefactory.internal.LocatingElementHandler.invoke(LocatingElementHandler.java:38)
	at com.sun.proxy.$Proxy10.click(Unknown Source)
	at com.iNetBanking.pageObjects.AddCustomerPage.ClickOnAddCustomer(AddCustomerPage.java:69)
	at com.iNetBanking.testCases.TC_AddCustomerDetails_002.AddCutomerDetails(TC_AddCustomerDetails_002.java:28)
</failure>
    <system-out><![CDATA[2021-08-12 23:08:674 INFO  BaseClass :48 - Chrome Browser Launching....
2021-08-12 23:08:800 INFO  BaseClass :60 - Maximizing Browser....
2021-08-12 23:08:146 INFO  BaseClass :64 - Entered Application site URL......
2021-08-12 23:08:296 INFO  BaseClass :18 - Username entered ...
2021-08-12 23:08:375 INFO  BaseClass :20 - password entered ...
2021-08-12 23:08:912 INFO  BaseClass :22 - button clicked ...
]]></system-out>
    <system-err><![CDATA[Starting ChromeDriver 92.0.4515.43 (8c61b7e2989f2990d42f859cac71319137787cce-refs/branch-heads/4515@{#306}) on port 21035
Only local connections are allowed.
Please see https://chromedriver.chromium.org/security-considerations for suggestions on keeping ChromeDriver safe.
ChromeDriver was started successfully.
Aug 12, 2021 11:49:43 PM org.openqa.selenium.remote.ProtocolHandshake createSession
INFO: Detected dialect: W3C
]]></system-err>
  </testcase>
</testsuite>