<?xml version="1.0" encoding="UTF-8"?>
<testng-results skipped="0" failed="2" ignored="0" total="8" passed="6">
  <reporter-output>
  </reporter-output>
  <suite name="iNetBanking" duration-ms="59477" started-at="2021-08-12T18:18:52Z" finished-at="2021-08-12T18:19:51Z">
    <groups>
    </groups>
    <test name="Test" duration-ms="59477" started-at="2021-08-12T18:18:52Z" finished-at="2021-08-12T18:19:51Z">
      <class name="com.iNetBanking.testCases.TC_LoginPage_001">
        <test-method status="PASS" signature="SetUp(java.lang.String)[pri:0, instance:com.iNetBanking.testCases.TC_LoginPage_001@13969fbe]" name="SetUp" is-config="true" duration-ms="7402" started-at="2021-08-12T18:18:52Z" finished-at="2021-08-12T18:18:59Z">
          <params>
            <param index="0">
              <value>
                <![CDATA[chrome]]>
              </value>
            </param>
          </params>
          <reporter-output>
          </reporter-output>
        </test-method> <!-- SetUp -->
        <test-method status="FAIL" signature="LoginTest()[pri:0, instance:com.iNetBanking.testCases.TC_LoginPage_001@13969fbe]" name="LoginTest" duration-ms="1033" started-at="2021-08-12T18:18:59Z" finished-at="2021-08-12T18:19:00Z">
          <exception class="org.openqa.selenium.UnhandledAlertException">
            <message>
              <![CDATA[unexpected alert open: {Alert text : User is not valid}
  (Session info: chrome=92.0.4515.131): User is not valid
Build info: version: '3.141.59', revision: 'e82be7d358', time: '2018-11-14T08:17:03'
System info: host: 'LAPTOP-J01TQCUN', ip: '192.168.74.186', os.name: 'Windows 10', os.arch: 'amd64', os.version: '10.0', java.version: '1.8.0_301'
Driver info: org.openqa.selenium.chrome.ChromeDriver
Capabilities {acceptInsecureCerts: false, browserName: chrome, browserVersion: 92.0.4515.131, chrome: {chromedriverVersion: 92.0.4515.43 (8c61b7e2989f2..., userDataDir: C:\windows\TEMP\scoped_dir1...}, goog:chromeOptions: {debuggerAddress: localhost:56739}, javascriptEnabled: true, networkConnectionEnabled: false, pageLoadStrategy: normal, platform: WINDOWS, platformName: WINDOWS, proxy: Proxy(), setWindowRect: true, strictFileInteractability: false, timeouts: {implicit: 0, pageLoad: 300000, script: 30000}, unhandledPromptBehavior: dismiss and notify, webauthn:extension:credBlob: true, webauthn:extension:largeBlob: true, webauthn:virtualAuthenticators: true}
Session ID: f8eec1bd41eda6ec18c22141a8066673]]>
            </message>
            <full-stacktrace>
              <![CDATA[org.openqa.selenium.UnhandledAlertException: unexpected alert open: {Alert text : User is not valid}
  (Session info: chrome=92.0.4515.131): User is not valid
Build info: version: '3.141.59', revision: 'e82be7d358', time: '2018-11-14T08:17:03'
System info: host: 'LAPTOP-J01TQCUN', ip: '192.168.74.186', os.name: 'Windows 10', os.arch: 'amd64', os.version: '10.0', java.version: '1.8.0_301'
Driver info: org.openqa.selenium.chrome.ChromeDriver
Capabilities {acceptInsecureCerts: false, browserName: chrome, browserVersion: 92.0.4515.131, chrome: {chromedriverVersion: 92.0.4515.43 (8c61b7e2989f2..., userDataDir: C:\windows\TEMP\scoped_dir1...}, goog:chromeOptions: {debuggerAddress: localhost:56739}, javascriptEnabled: true, networkConnectionEnabled: false, pageLoadStrategy: normal, platform: WINDOWS, platformName: WINDOWS, proxy: Proxy(), setWindowRect: true, strictFileInteractability: false, timeouts: {implicit: 0, pageLoad: 300000, script: 30000}, unhandledPromptBehavior: dismiss and notify, webauthn:extension:credBlob: true, webauthn:extension:largeBlob: true, webauthn:virtualAuthenticators: true}
Session ID: f8eec1bd41eda6ec18c22141a8066673
at org.openqa.selenium.remote.http.W3CHttpResponseCodec.decode(W3CHttpResponseCodec.java:120)
at org.openqa.selenium.remote.http.W3CHttpResponseCodec.decode(W3CHttpResponseCodec.java:49)
at org.openqa.selenium.remote.HttpCommandExecutor.execute(HttpCommandExecutor.java:158)
at org.openqa.selenium.remote.service.DriverCommandExecutor.execute(DriverCommandExecutor.java:83)
at org.openqa.selenium.remote.RemoteWebDriver.execute(RemoteWebDriver.java:552)
at org.openqa.selenium.remote.RemoteWebDriver.execute(RemoteWebDriver.java:609)
at org.openqa.selenium.remote.RemoteWebDriver.getTitle(RemoteWebDriver.java:281)
at com.iNetBanking.testCases.TC_LoginPage_001.LoginTest(TC_LoginPage_001.java:30)
at sun.reflect.NativeMethodAccessorImpl.invoke0(Native Method)
at sun.reflect.NativeMethodAccessorImpl.invoke(NativeMethodAccessorImpl.java:62)
at sun.reflect.DelegatingMethodAccessorImpl.invoke(DelegatingMethodAccessorImpl.java:43)
at java.lang.reflect.Method.invoke(Method.java:498)
at org.testng.internal.MethodInvocationHelper.invokeMethod(MethodInvocationHelper.java:124)
at org.testng.internal.Invoker.invokeMethod(Invoker.java:583)
at org.testng.internal.Invoker.invokeTestMethod(Invoker.java:719)
at org.testng.internal.Invoker.invokeTestMethods(Invoker.java:989)
at org.testng.internal.TestMethodWorker.invokeTestMethods(TestMethodWorker.java:125)
at org.testng.internal.TestMethodWorker.run(TestMethodWorker.java:109)
at org.testng.TestRunner.privateRun(TestRunner.java:648)
at org.testng.TestRunner.run(TestRunner.java:505)
at org.testng.SuiteRunner.runTest(SuiteRunner.java:455)
at org.testng.SuiteRunner.runSequentially(SuiteRunner.java:450)
at org.testng.SuiteRunner.privateRun(SuiteRunner.java:415)
at org.testng.SuiteRunner.run(SuiteRunner.java:364)
at org.testng.SuiteRunnerWorker.runSuite(SuiteRunnerWorker.java:52)
at org.testng.SuiteRunnerWorker.run(SuiteRunnerWorker.java:84)
at org.testng.TestNG.runSuitesSequentially(TestNG.java:1208)
at org.testng.TestNG.runSuitesLocally(TestNG.java:1137)
at org.testng.TestNG.runSuites(TestNG.java:1049)
at org.testng.TestNG.run(TestNG.java:1017)
at org.apache.maven.surefire.testng.TestNGExecutor.run(TestNGExecutor.java:295)
at org.apache.maven.surefire.testng.TestNGXmlTestSuite.execute(TestNGXmlTestSuite.java:84)
at org.apache.maven.surefire.testng.TestNGProvider.invoke(TestNGProvider.java:90)
at org.apache.maven.surefire.booter.ForkedBooter.invokeProviderInSameClassLoader(ForkedBooter.java:203)
at org.apache.maven.surefire.booter.ForkedBooter.runSuitesInProcess(ForkedBooter.java:155)
at org.apache.maven.surefire.booter.ForkedBooter.main(ForkedBooter.java:103)
]]>
            </full-stacktrace>
          </exception> <!-- org.openqa.selenium.UnhandledAlertException -->
          <reporter-output>
          </reporter-output>
        </test-method> <!-- LoginTest -->
        <test-method status="PASS" signature="tearDown()[pri:0, instance:com.iNetBanking.testCases.TC_LoginPage_001@13969fbe]" name="tearDown" is-config="true" duration-ms="639" started-at="2021-08-12T18:19:00Z" finished-at="2021-08-12T18:19:01Z">
          <reporter-output>
          </reporter-output>
        </test-method> <!-- tearDown -->
      </class> <!-- com.iNetBanking.testCases.TC_LoginPage_001 -->
      <class name="com.iNetBanking.testCases.TC_LoginPageDDT_002">
        <test-method status="PASS" signature="SetUp(java.lang.String)[pri:0, instance:com.iNetBanking.testCases.TC_LoginPageDDT_002@6aaa5eb0]" name="SetUp" is-config="true" duration-ms="5171" started-at="2021-08-12T18:19:01Z" finished-at="2021-08-12T18:19:06Z">
          <params>
            <param index="0">
              <value>
                <![CDATA[chrome]]>
              </value>
            </param>
          </params>
          <reporter-output>
          </reporter-output>
        </test-method> <!-- SetUp -->
        <test-method status="PASS" signature="LoginDDT(java.lang.String, java.lang.String)[pri:0, instance:com.iNetBanking.testCases.TC_LoginPageDDT_002@6aaa5eb0]" name="LoginDDT" duration-ms="5593" started-at="2021-08-12T18:19:07Z" data-provider="LoginData" finished-at="2021-08-12T18:19:13Z">
          <params>
            <param index="0">
              <value>
                <![CDATA[mngr341461]]>
              </value>
            </param>
            <param index="1">
              <value>
                <![CDATA[tUsAvYt]]>
              </value>
            </param>
          </params>
          <reporter-output>
          </reporter-output>
        </test-method> <!-- LoginDDT -->
        <test-method status="PASS" signature="LoginDDT(java.lang.String, java.lang.String)[pri:0, instance:com.iNetBanking.testCases.TC_LoginPageDDT_002@6aaa5eb0]" name="LoginDDT" duration-ms="6320" started-at="2021-08-12T18:19:13Z" data-provider="LoginData" finished-at="2021-08-12T18:19:19Z">
          <params>
            <param index="0">
              <value>
                <![CDATA[mngr341467]]>
              </value>
            </param>
            <param index="1">
              <value>
                <![CDATA[tUsAvYt]]>
              </value>
            </param>
          </params>
          <reporter-output>
          </reporter-output>
        </test-method> <!-- LoginDDT -->
        <test-method status="PASS" signature="LoginDDT(java.lang.String, java.lang.String)[pri:0, instance:com.iNetBanking.testCases.TC_LoginPageDDT_002@6aaa5eb0]" name="LoginDDT" duration-ms="5438" started-at="2021-08-12T18:19:19Z" data-provider="LoginData" finished-at="2021-08-12T18:19:25Z">
          <params>
            <param index="0">
              <value>
                <![CDATA[mngr341463]]>
              </value>
            </param>
            <param index="1">
              <value>
                <![CDATA[tUsAvYt]]>
              </value>
            </param>
          </params>
          <reporter-output>
          </reporter-output>
        </test-method> <!-- LoginDDT -->
        <test-method status="PASS" signature="LoginDDT(java.lang.String, java.lang.String)[pri:0, instance:com.iNetBanking.testCases.TC_LoginPageDDT_002@6aaa5eb0]" name="LoginDDT" duration-ms="5414" started-at="2021-08-12T18:19:25Z" data-provider="LoginData" finished-at="2021-08-12T18:19:30Z">
          <params>
            <param index="0">
              <value>
                <![CDATA[mngr341467]]>
              </value>
            </param>
            <param index="1">
              <value>
                <![CDATA[tUsAvYt]]>
              </value>
            </param>
          </params>
          <reporter-output>
          </reporter-output>
        </test-method> <!-- LoginDDT -->
        <test-method status="PASS" signature="LoginDDT(java.lang.String, java.lang.String)[pri:0, instance:com.iNetBanking.testCases.TC_LoginPageDDT_002@6aaa5eb0]" name="LoginDDT" duration-ms="5142" started-at="2021-08-12T18:19:30Z" data-provider="LoginData" finished-at="2021-08-12T18:19:35Z">
          <params>
            <param index="0">
              <value>
                <![CDATA[mngr341464]]>
              </value>
            </param>
            <param index="1">
              <value>
                <![CDATA[tUsAvYt]]>
              </value>
            </param>
          </params>
          <reporter-output>
          </reporter-output>
        </test-method> <!-- LoginDDT -->
        <test-method status="PASS" signature="LoginDDT(java.lang.String, java.lang.String)[pri:0, instance:com.iNetBanking.testCases.TC_LoginPageDDT_002@6aaa5eb0]" name="LoginDDT" duration-ms="5507" started-at="2021-08-12T18:19:35Z" data-provider="LoginData" finished-at="2021-08-12T18:19:41Z">
          <params>
            <param index="0">
              <value>
                <![CDATA[mngr341467]]>
              </value>
            </param>
            <param index="1">
              <value>
                <![CDATA[tUsAvYt]]>
              </value>
            </param>
          </params>
          <reporter-output>
          </reporter-output>
        </test-method> <!-- LoginDDT -->
        <test-method status="PASS" signature="tearDown()[pri:0, instance:com.iNetBanking.testCases.TC_LoginPageDDT_002@6aaa5eb0]" name="tearDown" is-config="true" duration-ms="725" started-at="2021-08-12T18:19:41Z" finished-at="2021-08-12T18:19:42Z">
          <reporter-output>
          </reporter-output>
        </test-method> <!-- tearDown -->
      </class> <!-- com.iNetBanking.testCases.TC_LoginPageDDT_002 -->
      <class name="com.iNetBanking.testCases.TC_AddCustomerDetails_002">
        <test-method status="PASS" signature="SetUp(java.lang.String)[pri:0, instance:com.iNetBanking.testCases.TC_AddCustomerDetails_002@3498ed]" name="SetUp" is-config="true" duration-ms="5012" started-at="2021-08-12T18:19:42Z" finished-at="2021-08-12T18:19:47Z">
          <params>
            <param index="0">
              <value>
                <![CDATA[chrome]]>
              </value>
            </param>
          </params>
          <reporter-output>
          </reporter-output>
        </test-method> <!-- SetUp -->
        <test-method status="FAIL" signature="AddCutomerDetails()[pri:0, instance:com.iNetBanking.testCases.TC_AddCustomerDetails_002@3498ed]" name="AddCutomerDetails" duration-ms="3799" started-at="2021-08-12T18:19:47Z" finished-at="2021-08-12T18:19:50Z">
          <exception class="org.openqa.selenium.UnhandledAlertException">
            <message>
              <![CDATA[unexpected alert open: {Alert text : User is not valid}
  (Session info: chrome=92.0.4515.131): User is not valid
Build info: version: '3.141.59', revision: 'e82be7d358', time: '2018-11-14T08:17:03'
System info: host: 'LAPTOP-J01TQCUN', ip: '192.168.74.186', os.name: 'Windows 10', os.arch: 'amd64', os.version: '10.0', java.version: '1.8.0_301'
Driver info: org.openqa.selenium.chrome.ChromeDriver
Capabilities {acceptInsecureCerts: false, browserName: chrome, browserVersion: 92.0.4515.131, chrome: {chromedriverVersion: 92.0.4515.43 (8c61b7e2989f2..., userDataDir: C:\windows\TEMP\scoped_dir5...}, goog:chromeOptions: {debuggerAddress: localhost:59117}, javascriptEnabled: true, networkConnectionEnabled: false, pageLoadStrategy: normal, platform: WINDOWS, platformName: WINDOWS, proxy: Proxy(), setWindowRect: true, strictFileInteractability: false, timeouts: {implicit: 0, pageLoad: 300000, script: 30000}, unhandledPromptBehavior: dismiss and notify, webauthn:extension:credBlob: true, webauthn:extension:largeBlob: true, webauthn:virtualAuthenticators: true}
Session ID: 1ab91a1ecf606e8a6f076fb941d0cd65
*** Element info: {Using=xpath, value=//*[text()='New Customer']}]]>
            </message>
            <full-stacktrace>
              <![CDATA[org.openqa.selenium.UnhandledAlertException: unexpected alert open: {Alert text : User is not valid}
  (Session info: chrome=92.0.4515.131): User is not valid
Build info: version: '3.141.59', revision: 'e82be7d358', time: '2018-11-14T08:17:03'
System info: host: 'LAPTOP-J01TQCUN', ip: '192.168.74.186', os.name: 'Windows 10', os.arch: 'amd64', os.version: '10.0', java.version: '1.8.0_301'
Driver info: org.openqa.selenium.chrome.ChromeDriver
Capabilities {acceptInsecureCerts: false, browserName: chrome, browserVersion: 92.0.4515.131, chrome: {chromedriverVersion: 92.0.4515.43 (8c61b7e2989f2..., userDataDir: C:\windows\TEMP\scoped_dir5...}, goog:chromeOptions: {debuggerAddress: localhost:59117}, javascriptEnabled: true, networkConnectionEnabled: false, pageLoadStrategy: normal, platform: WINDOWS, platformName: WINDOWS, proxy: Proxy(), setWindowRect: true, strictFileInteractability: false, timeouts: {implicit: 0, pageLoad: 300000, script: 30000}, unhandledPromptBehavior: dismiss and notify, webauthn:extension:credBlob: true, webauthn:extension:largeBlob: true, webauthn:virtualAuthenticators: true}
Session ID: 1ab91a1ecf606e8a6f076fb941d0cd65
*** Element info: {Using=xpath, value=//*[text()='New Customer']}
at org.openqa.selenium.remote.http.W3CHttpResponseCodec.decode(W3CHttpResponseCodec.java:120)
at org.openqa.selenium.remote.http.W3CHttpResponseCodec.decode(W3CHttpResponseCodec.java:49)
at org.openqa.selenium.remote.HttpCommandExecutor.execute(HttpCommandExecutor.java:158)
at org.openqa.selenium.remote.service.DriverCommandExecutor.execute(DriverCommandExecutor.java:83)
at org.openqa.selenium.remote.RemoteWebDriver.execute(RemoteWebDriver.java:552)
at org.openqa.selenium.remote.RemoteWebDriver.findElement(RemoteWebDriver.java:323)
at org.openqa.selenium.remote.RemoteWebDriver.findElementByXPath(RemoteWebDriver.java:428)
at org.openqa.selenium.By$ByXPath.findElement(By.java:353)
at org.openqa.selenium.remote.RemoteWebDriver.findElement(RemoteWebDriver.java:315)
at org.openqa.selenium.support.pagefactory.DefaultElementLocator.findElement(DefaultElementLocator.java:69)
at org.openqa.selenium.support.pagefactory.internal.LocatingElementHandler.invoke(LocatingElementHandler.java:38)
at com.sun.proxy.$Proxy10.click(Unknown Source)
at com.iNetBanking.pageObjects.AddCustomerPage.ClickOnAddCustomer(AddCustomerPage.java:69)
at com.iNetBanking.testCases.TC_AddCustomerDetails_002.AddCutomerDetails(TC_AddCustomerDetails_002.java:28)
at sun.reflect.NativeMethodAccessorImpl.invoke0(Native Method)
at sun.reflect.NativeMethodAccessorImpl.invoke(NativeMethodAccessorImpl.java:62)
at sun.reflect.DelegatingMethodAccessorImpl.invoke(DelegatingMethodAccessorImpl.java:43)
at java.lang.reflect.Method.invoke(Method.java:498)
at org.testng.internal.MethodInvocationHelper.invokeMethod(MethodInvocationHelper.java:124)
at org.testng.internal.Invoker.invokeMethod(Invoker.java:583)
at org.testng.internal.Invoker.invokeTestMethod(Invoker.java:719)
at org.testng.internal.Invoker.invokeTestMethods(Invoker.java:989)
at org.testng.internal.TestMethodWorker.invokeTestMethods(TestMethodWorker.java:125)
at org.testng.internal.TestMethodWorker.run(TestMethodWorker.java:109)
at org.testng.TestRunner.privateRun(TestRunner.java:648)
at org.testng.TestRunner.run(TestRunner.java:505)
at org.testng.SuiteRunner.runTest(SuiteRunner.java:455)
at org.testng.SuiteRunner.runSequentially(SuiteRunner.java:450)
at org.testng.SuiteRunner.privateRun(SuiteRunner.java:415)
at org.testng.SuiteRunner.run(SuiteRunner.java:364)
at org.testng.SuiteRunnerWorker.runSuite(SuiteRunnerWorker.java:52)
at org.testng.SuiteRunnerWorker.run(SuiteRunnerWorker.java:84)
at org.testng.TestNG.runSuitesSequentially(TestNG.java:1208)
at org.testng.TestNG.runSuitesLocally(TestNG.java:1137)
at org.testng.TestNG.runSuites(TestNG.java:1049)
at org.testng.TestNG.run(TestNG.java:1017)
at org.apache.maven.surefire.testng.TestNGExecutor.run(TestNGExecutor.java:295)
at org.apache.maven.surefire.testng.TestNGXmlTestSuite.execute(TestNGXmlTestSuite.java:84)
at org.apache.maven.surefire.testng.TestNGProvider.invoke(TestNGProvider.java:90)
at org.apache.maven.surefire.booter.ForkedBooter.invokeProviderInSameClassLoader(ForkedBooter.java:203)
at org.apache.maven.surefire.booter.ForkedBooter.runSuitesInProcess(ForkedBooter.java:155)
at org.apache.maven.surefire.booter.ForkedBooter.main(ForkedBooter.java:103)
]]>
            </full-stacktrace>
          </exception> <!-- org.openqa.selenium.UnhandledAlertException -->
          <reporter-output>
          </reporter-output>
        </test-method> <!-- AddCutomerDetails -->
        <test-method status="PASS" signature="tearDown()[pri:0, instance:com.iNetBanking.testCases.TC_AddCustomerDetails_002@3498ed]" name="tearDown" is-config="true" duration-ms="673" started-at="2021-08-12T18:19:50Z" finished-at="2021-08-12T18:19:51Z">
          <reporter-output>
          </reporter-output>
        </test-method> <!-- tearDown -->
      </class> <!-- com.iNetBanking.testCases.TC_AddCustomerDetails_002 -->
    </test> <!-- Test -->
  </suite> <!-- iNetBanking -->
</testng-results>
