<?xml version="1.0" encoding="UTF-8"?>
<testsuite name="TestSuite" time="14.951" tests="8" errors="0" skipped="0" failures="0">
  <properties>
[...]
</properties>
  <testcase name="LoginTest" classname="com.iNetBanking.testCases.TC_LoginPage_001" time="1.677"/>
  <testcase name="LoginDDT" classname="com.iNetBanking.testCases.TC_LoginPageDDT_002" time="6.289"/>
  <testcase name="LoginDDT" classname="com.iNetBanking.testCases.TC_LoginPageDDT_002" time="13.504"/>
  <testcase name="LoginDDT" classname="com.iNetBanking.testCases.TC_LoginPageDDT_002" time="5.936"/>
  <testcase name="LoginDDT" classname="com.iNetBanking.testCases.TC_LoginPageDDT_002" time="12.009"/>
  <testcase name="LoginDDT" classname="com.iNetBanking.testCases.TC_LoginPageDDT_002" time="9.039"/>
  <testcase name="LoginDDT" classname="com.iNetBanking.testCases.TC_LoginPageDDT_002" time="12.538"/>
  <testcase name="AddCutomerDetails" classname="com.iNetBanking.testCases.TC_AddCustomerDetails_002" time="6.985"/>
</testsuite>