Started by user [8mha:////4LYXJ6lwN98s0E6oatln1rZKIf77Nr36zi/t5pDrlxaFAAAAlx+LCAAAAAAAAP9b85aBtbiIQTGjNKU4P08vOT+vOD8nVc83PyU1x6OyILUoJzMv2y+/JJUBAhiZGBgqihhk0NSjKDWzXb3RdlLBUSYGJk8GtpzUvPSSDB8G5tKinBIGIZ+sxLJE/ZzEvHT94JKizLx0a6BxUmjGOUNodHsLgAyeEgZu/dLi1CL9xJTczDwA4LbuW8AAAAA=[0mAkshay Tomar
Running as SYSTEM
Building in workspace C:\windows\system32\config\systemprofile\AppData\Local\Jenkins\.jenkins\workspace\iNetBanking_SampleProject_001
[iNetBanking_SampleProject_001] $ cmd /c call C:\windows\TEMP\jenkins3915258295036655455.bat

C:\windows\system32\config\systemprofile\AppData\Local\Jenkins\.jenkins\workspace\iNetBanking_SampleProject_001>D:\Automation\iNetBanking\run.bat

C:\windows\system32\config\systemprofile\AppData\Local\Jenkins\.jenkins\workspace\iNetBanking_SampleProject_001>cd D:\Automation\iNetBanking 

C:\windows\system32\config\systemprofile\AppData\Local\Jenkins\.jenkins\workspace\iNetBanking_SampleProject_001>mvn clean test 
[INFO] Scanning for projects...
[INFO] ------------------------------------------------------------------------
[INFO] BUILD FAILURE
[INFO] ------------------------------------------------------------------------
[INFO] Total time:  0.159 s
[INFO] Finished at: 2021-07-26T16:24:49+05:30
[INFO] ------------------------------------------------------------------------
[ERROR] The goal you specified requires a project to execute but there is no POM in this directory (C:\Windows\System32\config\systemprofile\AppData\Local\Jenkins\.jenkins\workspace\iNetBanking_SampleProject_001). Please verify you invoked Maven from the correct directory. -> [Help 1]
[ERROR] 
[ERROR] To see the full stack trace of the errors, re-run Maven with the -e switch.
[ERROR] Re-run Maven using the -X switch to enable full debug logging.
[ERROR] 
[ERROR] For more information about the errors and possible solutions, please read the following articles:
[ERROR] [Help 1] http://cwiki.apache.org/confluence/display/MAVEN/MissingProjectException
Build step 'Execute Windows batch command' marked build as failure
Finished: FAILURE
